<?xml version="1.0" encoding="UTF-8"?>
<!-- Generated by org.testng.reporters.JUnitReportReporter -->
<testsuite hostname="DESKTOP-HECQFQ3" failures="0" tests="1" name="com.bestbuy.testcases.TC_06_ValidateLinksInBottom" time="38.451" errors="0" timestamp="2023-10-30T02:16:13 IST" skipped="0">
  <testcase classname="com.bestbuy.testcases.TC_06_ValidateLinksInBottom" name="tc_05_validateLinkInBottomOfHomePage" time="38.451"/>
</testsuite> <!-- com.bestbuy.testcases.TC_06_ValidateLinksInBottom -->
