<?xml version="1.0" encoding="UTF-8"?>
<!-- Generated by org.testng.reporters.JUnitReportReporter -->
<testsuite hostname="DESKTOP-HECQFQ3" failures="0" tests="1" name="com.bestbuy.testcases.TC_09_AddProductByBrand" time="345.258" errors="0" timestamp="2023-10-30T04:06:42 IST" skipped="0">
  <testcase classname="com.bestbuy.testcases.TC_09_AddProductByBrand" name="TC_09" time="345.258"/>
</testsuite> <!-- com.bestbuy.testcases.TC_09_AddProductByBrand -->
