<?xml version="1.0" encoding="UTF-8"?>
<!-- Generated by org.testng.reporters.JUnitReportReporter -->
<testsuite hostname="DESKTOP-HECQFQ3" failures="0" tests="1" name="com.bestbuy.testcases.TC_01_NavigationToBestBuy" time="48.478" errors="0" timestamp="2023-12-21T02:16:45 IST" skipped="0">
  <testcase classname="com.bestbuy.testcases.TC_01_NavigationToBestBuy" name="TC_01_ValidateTitle" time="48.478"/>
</testsuite> <!-- com.bestbuy.testcases.TC_01_NavigationToBestBuy -->
