<?xml version="1.0" encoding="UTF-8"?>
<!-- Generated by org.testng.reporters.JUnitReportReporter -->
<testsuite hostname="DESKTOP-HECQFQ3" failures="0" tests="1" name="com.bestbuy.testcases.TC_02_ValidateURLIsNotBroken" time="44.007" errors="0" timestamp="2023-10-30T02:16:13 IST" skipped="0">
  <testcase classname="com.bestbuy.testcases.TC_02_ValidateURLIsNotBroken" name="tc_02_validateUrlIsNotBroken" time="44.007"/>
</testsuite> <!-- com.bestbuy.testcases.TC_02_ValidateURLIsNotBroken -->
