<?xml version="1.0" encoding="UTF-8"?>
<!-- Generated by org.testng.reporters.JUnitReportReporter -->
<testsuite hostname="DESKTOP-HECQFQ3" failures="0" tests="1" name="com.bestbuy.testcases.TC_07_AddProductBySearch" time="80.536" errors="0" timestamp="2023-10-30T02:16:13 IST" skipped="0">
  <testcase classname="com.bestbuy.testcases.TC_07_AddProductBySearch" name="tc_06_SearchAddItemInCart" time="80.536"/>
</testsuite> <!-- com.bestbuy.testcases.TC_07_AddProductBySearch -->
